
**************sql_msg**************
@@@@@@@@ SELECT id,company_name,geshui_dateType  from OA_company c,OA_admin_company a  where Array
  and a.companyId = c.id  and  a.adminId = 1 order by id DESC limit 0,50 @@@@@@@@
Begin Time: 2014-01-12 16:53:57
**********error**********
@@@@@@@@ {"errNo":2,"errStr":"mysql_fetch_array(): supplied argument is not a valid MySQL result resource","errFile":"C:\\xampp\\htdocs\\ProjectOA\\module\\action\\ExtSalaryAction.class.php","errLine":236} @@@@@@@@
Begin Time: 2014-01-12 16:53:57
**************sql_msg**************
@@@@@@@@ SELECT id,company_name,geshui_dateType  from OA_company c,OA_admin_company a  where Array
  and a.companyId = c.id  and  a.adminId = 1 order by id DESC limit 0,50 @@@@@@@@
Begin Time: 2014-01-12 16:54:01
**********error**********
@@@@@@@@ {"errNo":2,"errStr":"mysql_fetch_array(): supplied argument is not a valid MySQL result resource","errFile":"C:\\xampp\\htdocs\\ProjectOA\\module\\action\\ExtSalaryAction.class.php","errLine":236} @@@@@@@@
Begin Time: 2014-01-12 16:54:01
**************sql_msg**************
@@@@@@@@ SELECT id,company_name,geshui_dateType  from OA_company c,OA_admin_company a  where Array
  and a.companyId = c.id  and  a.adminId = 1 order by id DESC limit 0,50 @@@@@@@@
Begin Time: 2014-01-12 16:54:13
**********error**********
@@@@@@@@ {"errNo":2,"errStr":"mysql_fetch_array(): supplied argument is not a valid MySQL result resource","errFile":"C:\\xampp\\htdocs\\ProjectOA\\module\\action\\ExtSalaryAction.class.php","errLine":236} @@@@@@@@
Begin Time: 2014-01-12 16:54:13
**************sql_msg**************
@@@@@@@@ SELECT id,company_name,geshui_dateType  from OA_company c,OA_admin_company a  where 1=1
  and a.companyId = c.id  and  a.adminId = 1 order by id DESC limit 0,50 @@@@@@@@
Begin Time: 2014-01-12 16:54:26
**********error**********
@@@@@@@@ {"errNo":2,"errStr":"mysql_fetch_array(): supplied argument is not a valid MySQL result resource","errFile":"C:\\xampp\\htdocs\\ProjectOA\\module\\action\\ExtSalaryAction.class.php","errLine":236} @@@@@@@@
Begin Time: 2014-01-12 16:54:26
**************sql_msg**************
@@@@@@@@ SELECT id,company_name,geshui_dateType  from OA_company c,OA_admin_company a  where 1=1
  and a.companyId = c.id  and  a.adminId = 1 order by id DESC limit 0,50 @@@@@@@@
Begin Time: 2014-01-12 16:54:29
**********error**********
@@@@@@@@ {"errNo":2,"errStr":"mysql_fetch_array(): supplied argument is not a valid MySQL result resource","errFile":"C:\\xampp\\htdocs\\ProjectOA\\module\\action\\ExtSalaryAction.class.php","errLine":236} @@@@@@@@
Begin Time: 2014-01-12 16:54:29
**************sql_msg**************
@@@@@@@@ select count(*) as cnt   from OA_salarytime_other st,OA_company c ,OA_admin_company where  st.companyId=c.id and a.companyId = c.id  and  a.adminId = 1 and salaryType=5 @@@@@@@@
Begin Time: 2014-01-12 16:55:25
**********error**********
@@@@@@@@ {"errNo":2,"errStr":"json_decode() expects parameter 1 to be string, array given","errFile":"C:\\xampp\\htdocs\\ProjectOA\\module\\action\\SaveSalaryAction.class.php","errLine":446} @@@@@@@@
Begin Time: 2014-01-12 17:16:10
**********error**********
@@@@@@@@ {"errNo":2,"errStr":"Invalid argument supplied for foreach()","errFile":"C:\\xampp\\htdocs\\ProjectOA\\tpl\\finance\\finance_first.php","errLine":85} @@@@@@@@
Begin Time: 2014-01-12 18:46:14
**********error**********
@@@@@@@@ {"errNo":2,"errStr":"Invalid argument supplied for foreach()","errFile":"C:\\xampp\\htdocs\\ProjectOA\\tpl\\finance\\finance_first.php","errLine":85} @@@@@@@@
Begin Time: 2014-01-12 18:46:15
**************sql_msg**************
@@@@@@@@  select oac.*,oc.company_name  from OA_admin_company oac ,OA_company oc where oac.companyId=oc.id and oac.adminId=  @@@@@@@@
Begin Time: 2014-01-12 18:46:23
**********error**********
@@@@@@@@ {"errNo":2,"errStr":"include(ROOT\/common\/tpl\/left.php) [<a href='function.include'>function.include<\/a>]: failed to open stream: No such file or directory","errFile":"C:\\xampp\\htdocs\\ProjectOA\\tpl\\admin_list.php","errLine":52} @@@@@@@@
Begin Time: 2014-01-12 20:10:31
**********error**********
@@@@@@@@ {"errNo":2,"errStr":"include() [<a href='function.include'>function.include<\/a>]: Failed opening 'ROOT\/common\/tpl\/left.php' for inclusion (include_path='.;C:\\xampp\\php\\pear\\')","errFile":"C:\\xampp\\htdocs\\ProjectOA\\tpl\\admin_list.php","errLine":52} @@@@@@@@
Begin Time: 2014-01-12 20:10:31
**********error**********
@@@@@@@@ {"errNo":2,"errStr":"Invalid argument supplied for foreach()","errFile":"C:\\xampp\\htdocs\\ProjectOA\\tpl\\employ_import.php","errLine":67} @@@@@@@@
Begin Time: 2014-01-12 20:10:32
**********error**********
@@@@@@@@ {"errNo":2,"errStr":"Invalid argument supplied for foreach()","errFile":"C:\\xampp\\htdocs\\ProjectOA\\tpl\\employ_import.php","errLine":86} @@@@@@@@
Begin Time: 2014-01-12 20:10:32