
**************sql_msg**************
@@@@@@@@  select oac.*,oc.company_name  from OA_admin_company oac ,OA_company oc where oac.companyId=oc.id and oac.adminId=  @@@@@@@@
Begin Time: 2014-03-21 11:24:45
**********error**********
@@@@@@@@ {"errNo":2,"errStr":"Cannot use a scalar value as an array","errFile":"C:\\xampp\\htdocs\\ProjectOA\\module\\action\\ExtServiceAction.class.php","errLine":143} @@@@@@@@
Begin Time: 2014-03-21 11:24:47
**********error**********
@@@@@@@@ {"errNo":2,"errStr":"Cannot use a scalar value as an array","errFile":"C:\\xampp\\htdocs\\ProjectOA\\module\\action\\ExtServiceAction.class.php","errLine":143} @@@@@@@@
Begin Time: 2014-03-21 11:24:47
**********error**********
@@@@@@@@ {"errNo":2,"errStr":"Cannot use a scalar value as an array","errFile":"C:\\xampp\\htdocs\\ProjectOA\\module\\action\\ExtServiceAction.class.php","errLine":143} @@@@@@@@
Begin Time: 2014-03-21 11:24:47
**********error**********
@@@@@@@@ {"errNo":2,"errStr":"Cannot use a scalar value as an array","errFile":"C:\\xampp\\htdocs\\ProjectOA\\module\\action\\ExtServiceAction.class.php","errLine":143} @@@@@@@@
Begin Time: 2014-03-21 11:24:47
**********error**********
@@@@@@@@ {"errNo":2,"errStr":"Cannot use a scalar value as an array","errFile":"C:\\xampp\\htdocs\\ProjectOA\\module\\action\\ExtServiceAction.class.php","errLine":143} @@@@@@@@
Begin Time: 2014-03-21 11:24:47
**********error**********
@@@@@@@@ {"errNo":2,"errStr":"Cannot use a scalar value as an array","errFile":"C:\\xampp\\htdocs\\ProjectOA\\module\\action\\ExtServiceAction.class.php","errLine":143} @@@@@@@@
Begin Time: 2014-03-21 11:24:47
**********error**********
@@@@@@@@ {"errNo":2,"errStr":"Cannot use a scalar value as an array","errFile":"C:\\xampp\\htdocs\\ProjectOA\\module\\action\\ExtServiceAction.class.php","errLine":143} @@@@@@@@
Begin Time: 2014-03-21 11:24:47
**********error**********
@@@@@@@@ {"errNo":2,"errStr":"Cannot use a scalar value as an array","errFile":"C:\\xampp\\htdocs\\ProjectOA\\module\\action\\ExtServiceAction.class.php","errLine":143} @@@@@@@@
Begin Time: 2014-03-21 11:24:47
**********error**********
@@@@@@@@ {"errNo":2,"errStr":"Cannot use a scalar value as an array","errFile":"C:\\xampp\\htdocs\\ProjectOA\\module\\action\\ExtServiceAction.class.php","errLine":143} @@@@@@@@
Begin Time: 2014-03-21 11:24:47
**********error**********
@@@@@@@@ {"errNo":2,"errStr":"Cannot use a scalar value as an array","errFile":"C:\\xampp\\htdocs\\ProjectOA\\module\\action\\ExtServiceAction.class.php","errLine":143} @@@@@@@@
Begin Time: 2014-03-21 11:24:47
**********error**********
@@@@@@@@ {"errNo":2,"errStr":"Cannot use a scalar value as an array","errFile":"C:\\xampp\\htdocs\\ProjectOA\\module\\action\\ExtServiceAction.class.php","errLine":143} @@@@@@@@
Begin Time: 2014-03-21 11:26:08
**********error**********
@@@@@@@@ {"errNo":2,"errStr":"Cannot use a scalar value as an array","errFile":"C:\\xampp\\htdocs\\ProjectOA\\module\\action\\ExtServiceAction.class.php","errLine":143} @@@@@@@@
Begin Time: 2014-03-21 11:26:08
**********error**********
@@@@@@@@ {"errNo":2,"errStr":"Cannot use a scalar value as an array","errFile":"C:\\xampp\\htdocs\\ProjectOA\\module\\action\\ExtServiceAction.class.php","errLine":143} @@@@@@@@
Begin Time: 2014-03-21 11:26:08
**********error**********
@@@@@@@@ {"errNo":2,"errStr":"Cannot use a scalar value as an array","errFile":"C:\\xampp\\htdocs\\ProjectOA\\module\\action\\ExtServiceAction.class.php","errLine":143} @@@@@@@@
Begin Time: 2014-03-21 11:26:08
**********error**********
@@@@@@@@ {"errNo":2,"errStr":"Cannot use a scalar value as an array","errFile":"C:\\xampp\\htdocs\\ProjectOA\\module\\action\\ExtServiceAction.class.php","errLine":143} @@@@@@@@
Begin Time: 2014-03-21 11:26:08
**********error**********
@@@@@@@@ {"errNo":2,"errStr":"Cannot use a scalar value as an array","errFile":"C:\\xampp\\htdocs\\ProjectOA\\module\\action\\ExtServiceAction.class.php","errLine":143} @@@@@@@@
Begin Time: 2014-03-21 11:26:08
**********error**********
@@@@@@@@ {"errNo":2,"errStr":"Cannot use a scalar value as an array","errFile":"C:\\xampp\\htdocs\\ProjectOA\\module\\action\\ExtServiceAction.class.php","errLine":143} @@@@@@@@
Begin Time: 2014-03-21 11:26:08
**********error**********
@@@@@@@@ {"errNo":2,"errStr":"Cannot use a scalar value as an array","errFile":"C:\\xampp\\htdocs\\ProjectOA\\module\\action\\ExtServiceAction.class.php","errLine":143} @@@@@@@@
Begin Time: 2014-03-21 11:26:08
**********error**********
@@@@@@@@ {"errNo":2,"errStr":"Cannot use a scalar value as an array","errFile":"C:\\xampp\\htdocs\\ProjectOA\\module\\action\\ExtServiceAction.class.php","errLine":143} @@@@@@@@
Begin Time: 2014-03-21 11:26:08
**********error**********
@@@@@@@@ {"errNo":2,"errStr":"Cannot use a scalar value as an array","errFile":"C:\\xampp\\htdocs\\ProjectOA\\module\\action\\ExtServiceAction.class.php","errLine":143} @@@@@@@@
Begin Time: 2014-03-21 11:26:08
**********error**********
@@@@@@@@ {"errNo":2,"errStr":"Cannot use a scalar value as an array","errFile":"C:\\xampp\\htdocs\\ProjectOA\\module\\action\\ExtServiceAction.class.php","errLine":143} @@@@@@@@
Begin Time: 2014-03-21 11:38:08
**********error**********
@@@@@@@@ {"errNo":2,"errStr":"Cannot use a scalar value as an array","errFile":"C:\\xampp\\htdocs\\ProjectOA\\module\\action\\ExtServiceAction.class.php","errLine":143} @@@@@@@@
Begin Time: 2014-03-21 11:38:08
**********error**********
@@@@@@@@ {"errNo":2,"errStr":"Cannot use a scalar value as an array","errFile":"C:\\xampp\\htdocs\\ProjectOA\\module\\action\\ExtServiceAction.class.php","errLine":143} @@@@@@@@
Begin Time: 2014-03-21 11:38:08
**********error**********
@@@@@@@@ {"errNo":2,"errStr":"Cannot use a scalar value as an array","errFile":"C:\\xampp\\htdocs\\ProjectOA\\module\\action\\ExtServiceAction.class.php","errLine":143} @@@@@@@@
Begin Time: 2014-03-21 11:38:08
**********error**********
@@@@@@@@ {"errNo":2,"errStr":"Cannot use a scalar value as an array","errFile":"C:\\xampp\\htdocs\\ProjectOA\\module\\action\\ExtServiceAction.class.php","errLine":143} @@@@@@@@
Begin Time: 2014-03-21 11:38:08
**********error**********
@@@@@@@@ {"errNo":2,"errStr":"Cannot use a scalar value as an array","errFile":"C:\\xampp\\htdocs\\ProjectOA\\module\\action\\ExtServiceAction.class.php","errLine":143} @@@@@@@@
Begin Time: 2014-03-21 11:38:08
**********error**********
@@@@@@@@ {"errNo":2,"errStr":"Cannot use a scalar value as an array","errFile":"C:\\xampp\\htdocs\\ProjectOA\\module\\action\\ExtServiceAction.class.php","errLine":143} @@@@@@@@
Begin Time: 2014-03-21 11:38:08
**********error**********
@@@@@@@@ {"errNo":2,"errStr":"Cannot use a scalar value as an array","errFile":"C:\\xampp\\htdocs\\ProjectOA\\module\\action\\ExtServiceAction.class.php","errLine":143} @@@@@@@@
Begin Time: 2014-03-21 11:38:08
**********error**********
@@@@@@@@ {"errNo":2,"errStr":"Cannot use a scalar value as an array","errFile":"C:\\xampp\\htdocs\\ProjectOA\\module\\action\\ExtServiceAction.class.php","errLine":143} @@@@@@@@
Begin Time: 2014-03-21 11:38:08
**********error**********
@@@@@@@@ {"errNo":2,"errStr":"Cannot use a scalar value as an array","errFile":"C:\\xampp\\htdocs\\ProjectOA\\module\\action\\ExtServiceAction.class.php","errLine":143} @@@@@@@@
Begin Time: 2014-03-21 11:38:08
**********error**********
@@@@@@@@ {"errNo":2,"errStr":"Cannot use a scalar value as an array","errFile":"C:\\xampp\\htdocs\\ProjectOA\\module\\action\\ExtServiceAction.class.php","errLine":143} @@@@@@@@
Begin Time: 2014-03-21 11:41:46
**********error**********
@@@@@@@@ {"errNo":2,"errStr":"Cannot use a scalar value as an array","errFile":"C:\\xampp\\htdocs\\ProjectOA\\module\\action\\ExtServiceAction.class.php","errLine":143} @@@@@@@@
Begin Time: 2014-03-21 11:41:46
**********error**********
@@@@@@@@ {"errNo":2,"errStr":"Cannot use a scalar value as an array","errFile":"C:\\xampp\\htdocs\\ProjectOA\\module\\action\\ExtServiceAction.class.php","errLine":143} @@@@@@@@
Begin Time: 2014-03-21 11:41:46
**********error**********
@@@@@@@@ {"errNo":2,"errStr":"Cannot use a scalar value as an array","errFile":"C:\\xampp\\htdocs\\ProjectOA\\module\\action\\ExtServiceAction.class.php","errLine":143} @@@@@@@@
Begin Time: 2014-03-21 11:41:46
**********error**********
@@@@@@@@ {"errNo":2,"errStr":"Cannot use a scalar value as an array","errFile":"C:\\xampp\\htdocs\\ProjectOA\\module\\action\\ExtServiceAction.class.php","errLine":143} @@@@@@@@
Begin Time: 2014-03-21 11:41:46
**********error**********
@@@@@@@@ {"errNo":2,"errStr":"Cannot use a scalar value as an array","errFile":"C:\\xampp\\htdocs\\ProjectOA\\module\\action\\ExtServiceAction.class.php","errLine":143} @@@@@@@@
Begin Time: 2014-03-21 11:41:46
**********error**********
@@@@@@@@ {"errNo":2,"errStr":"Cannot use a scalar value as an array","errFile":"C:\\xampp\\htdocs\\ProjectOA\\module\\action\\ExtServiceAction.class.php","errLine":143} @@@@@@@@
Begin Time: 2014-03-21 11:41:46
**********error**********
@@@@@@@@ {"errNo":2,"errStr":"Cannot use a scalar value as an array","errFile":"C:\\xampp\\htdocs\\ProjectOA\\module\\action\\ExtServiceAction.class.php","errLine":143} @@@@@@@@
Begin Time: 2014-03-21 11:41:46
**********error**********
@@@@@@@@ {"errNo":2,"errStr":"Cannot use a scalar value as an array","errFile":"C:\\xampp\\htdocs\\ProjectOA\\module\\action\\ExtServiceAction.class.php","errLine":143} @@@@@@@@
Begin Time: 2014-03-21 11:41:46
**********error**********
@@@@@@@@ {"errNo":2,"errStr":"Cannot use a scalar value as an array","errFile":"C:\\xampp\\htdocs\\ProjectOA\\module\\action\\ExtServiceAction.class.php","errLine":143} @@@@@@@@
Begin Time: 2014-03-21 11:41:46
**************sql_msg**************
@@@@@@@@ select st.*,c.company_name from OA_salarytime st,OA_company c,OA_admin_company a where a.adminId=39 and a.companyId = c.id and st.companyId=c.id   order by approval ASC limit 0,50 @@@@@@@@
Begin Time: 2014-03-21 11:43:31
**********error**********
@@@@@@@@ {"errNo":2,"errStr":"mysql_fetch_array(): supplied argument is not a valid MySQL result resource","errFile":"C:\\xampp\\htdocs\\ProjectOA\\module\\action\\ExtSalaryAction.class.php","errLine":211} @@@@@@@@
Begin Time: 2014-03-21 11:43:31
**************sql_msg**************
@@@@@@@@ select st.*,c.company_name from OA_salarytime st,OA_company c,OA_admin_company a where a.adminId=39 and a.companyId = c.id and st.companyId=c.id   order by approval DESC limit 0,50 @@@@@@@@
Begin Time: 2014-03-21 11:43:32
**********error**********
@@@@@@@@ {"errNo":2,"errStr":"mysql_fetch_array(): supplied argument is not a valid MySQL result resource","errFile":"C:\\xampp\\htdocs\\ProjectOA\\module\\action\\ExtSalaryAction.class.php","errLine":211} @@@@@@@@
Begin Time: 2014-03-21 11:43:32
**********error**********
@@@@@@@@ {"errNo":2,"errStr":"Cannot use a scalar value as an array","errFile":"C:\\xampp\\htdocs\\ProjectOA\\module\\action\\ExtServiceAction.class.php","errLine":143} @@@@@@@@
Begin Time: 2014-03-21 11:50:18
**********error**********
@@@@@@@@ {"errNo":2,"errStr":"Cannot use a scalar value as an array","errFile":"C:\\xampp\\htdocs\\ProjectOA\\module\\action\\ExtServiceAction.class.php","errLine":143} @@@@@@@@
Begin Time: 2014-03-21 11:50:18
**********error**********
@@@@@@@@ {"errNo":2,"errStr":"Cannot use a scalar value as an array","errFile":"C:\\xampp\\htdocs\\ProjectOA\\module\\action\\ExtServiceAction.class.php","errLine":143} @@@@@@@@
Begin Time: 2014-03-21 11:50:18
**********error**********
@@@@@@@@ {"errNo":2,"errStr":"Cannot use a scalar value as an array","errFile":"C:\\xampp\\htdocs\\ProjectOA\\module\\action\\ExtServiceAction.class.php","errLine":143} @@@@@@@@
Begin Time: 2014-03-21 11:50:18
**********error**********
@@@@@@@@ {"errNo":2,"errStr":"Cannot use a scalar value as an array","errFile":"C:\\xampp\\htdocs\\ProjectOA\\module\\action\\ExtServiceAction.class.php","errLine":143} @@@@@@@@
Begin Time: 2014-03-21 11:50:18
**********error**********
@@@@@@@@ {"errNo":2,"errStr":"Cannot use a scalar value as an array","errFile":"C:\\xampp\\htdocs\\ProjectOA\\module\\action\\ExtServiceAction.class.php","errLine":143} @@@@@@@@
Begin Time: 2014-03-21 11:50:18
**********error**********
@@@@@@@@ {"errNo":2,"errStr":"Cannot use a scalar value as an array","errFile":"C:\\xampp\\htdocs\\ProjectOA\\module\\action\\ExtServiceAction.class.php","errLine":143} @@@@@@@@
Begin Time: 2014-03-21 11:50:18
**********error**********
@@@@@@@@ {"errNo":2,"errStr":"Cannot use a scalar value as an array","errFile":"C:\\xampp\\htdocs\\ProjectOA\\module\\action\\ExtServiceAction.class.php","errLine":143} @@@@@@@@
Begin Time: 2014-03-21 11:50:18
**********error**********
@@@@@@@@ {"errNo":2,"errStr":"Cannot use a scalar value as an array","errFile":"C:\\xampp\\htdocs\\ProjectOA\\module\\action\\ExtServiceAction.class.php","errLine":143} @@@@@@@@
Begin Time: 2014-03-21 11:50:18
**********error**********
@@@@@@@@ {"errNo":2,"errStr":"Cannot use a scalar value as an array","errFile":"C:\\xampp\\htdocs\\ProjectOA\\module\\action\\ExtServiceAction.class.php","errLine":143} @@@@@@@@
Begin Time: 2014-03-21 11:50:18
**************sql_msg**************
@@@@@@@@ select st.*,c.company_name from OA_salarytime st,OA_company c,OA_admin_company a where a.adminId=39 and a.companyId = c.id and st.companyId=c.id   order by submitTime ASC limit 0,50 @@@@@@@@
Begin Time: 2014-03-21 11:54:44
**********error**********
@@@@@@@@ {"errNo":2,"errStr":"mysql_fetch_array(): supplied argument is not a valid MySQL result resource","errFile":"C:\\xampp\\htdocs\\ProjectOA\\module\\action\\ExtSalaryAction.class.php","errLine":203} @@@@@@@@
Begin Time: 2014-03-21 11:54:44
**************sql_msg**************
@@@@@@@@ select st.*,c.company_name from OA_salarytime st,OA_company c,OA_admin_company a where a.adminId=39 and a.companyId = c.id and st.companyId=c.id   order by submitTime DESC limit 0,50 @@@@@@@@
Begin Time: 2014-03-21 11:54:45
**********error**********
@@@@@@@@ {"errNo":2,"errStr":"mysql_fetch_array(): supplied argument is not a valid MySQL result resource","errFile":"C:\\xampp\\htdocs\\ProjectOA\\module\\action\\ExtSalaryAction.class.php","errLine":203} @@@@@@@@
Begin Time: 2014-03-21 11:54:45
**********error**********
@@@@@@@@ {"errNo":2,"errStr":"Cannot use a scalar value as an array","errFile":"C:\\xampp\\htdocs\\ProjectOA\\module\\action\\ExtServiceAction.class.php","errLine":143} @@@@@@@@
Begin Time: 2014-03-21 11:56:25
**********error**********
@@@@@@@@ {"errNo":2,"errStr":"Cannot use a scalar value as an array","errFile":"C:\\xampp\\htdocs\\ProjectOA\\module\\action\\ExtServiceAction.class.php","errLine":143} @@@@@@@@
Begin Time: 2014-03-21 11:56:25
**********error**********
@@@@@@@@ {"errNo":2,"errStr":"Cannot use a scalar value as an array","errFile":"C:\\xampp\\htdocs\\ProjectOA\\module\\action\\ExtServiceAction.class.php","errLine":143} @@@@@@@@
Begin Time: 2014-03-21 11:56:25
**********error**********
@@@@@@@@ {"errNo":2,"errStr":"Cannot use a scalar value as an array","errFile":"C:\\xampp\\htdocs\\ProjectOA\\module\\action\\ExtServiceAction.class.php","errLine":143} @@@@@@@@
Begin Time: 2014-03-21 11:56:25
**********error**********
@@@@@@@@ {"errNo":2,"errStr":"Cannot use a scalar value as an array","errFile":"C:\\xampp\\htdocs\\ProjectOA\\module\\action\\ExtServiceAction.class.php","errLine":143} @@@@@@@@
Begin Time: 2014-03-21 11:56:25
**********error**********
@@@@@@@@ {"errNo":2,"errStr":"Cannot use a scalar value as an array","errFile":"C:\\xampp\\htdocs\\ProjectOA\\module\\action\\ExtServiceAction.class.php","errLine":143} @@@@@@@@
Begin Time: 2014-03-21 11:56:25
**********error**********
@@@@@@@@ {"errNo":2,"errStr":"Cannot use a scalar value as an array","errFile":"C:\\xampp\\htdocs\\ProjectOA\\module\\action\\ExtServiceAction.class.php","errLine":143} @@@@@@@@
Begin Time: 2014-03-21 11:56:25
**********error**********
@@@@@@@@ {"errNo":2,"errStr":"Cannot use a scalar value as an array","errFile":"C:\\xampp\\htdocs\\ProjectOA\\module\\action\\ExtServiceAction.class.php","errLine":143} @@@@@@@@
Begin Time: 2014-03-21 11:56:25
**********error**********
@@@@@@@@ {"errNo":2,"errStr":"Cannot use a scalar value as an array","errFile":"C:\\xampp\\htdocs\\ProjectOA\\module\\action\\ExtServiceAction.class.php","errLine":143} @@@@@@@@
Begin Time: 2014-03-21 11:56:25
**********error**********
@@@@@@@@ {"errNo":2,"errStr":"Cannot use a scalar value as an array","errFile":"C:\\xampp\\htdocs\\ProjectOA\\module\\action\\ExtServiceAction.class.php","errLine":143} @@@@@@@@
Begin Time: 2014-03-21 11:56:25
**********error**********
@@@@@@@@ {"errNo":2,"errStr":"Cannot use a scalar value as an array","errFile":"C:\\xampp\\htdocs\\ProjectOA\\module\\action\\ExtServiceAction.class.php","errLine":143} @@@@@@@@
Begin Time: 2014-03-21 11:56:34
**********error**********
@@@@@@@@ {"errNo":2,"errStr":"Cannot use a scalar value as an array","errFile":"C:\\xampp\\htdocs\\ProjectOA\\module\\action\\ExtServiceAction.class.php","errLine":143} @@@@@@@@
Begin Time: 2014-03-21 11:56:34
**********error**********
@@@@@@@@ {"errNo":2,"errStr":"Cannot use a scalar value as an array","errFile":"C:\\xampp\\htdocs\\ProjectOA\\module\\action\\ExtServiceAction.class.php","errLine":143} @@@@@@@@
Begin Time: 2014-03-21 11:56:34
**********error**********
@@@@@@@@ {"errNo":2,"errStr":"Cannot use a scalar value as an array","errFile":"C:\\xampp\\htdocs\\ProjectOA\\module\\action\\ExtServiceAction.class.php","errLine":143} @@@@@@@@
Begin Time: 2014-03-21 11:56:34
**********error**********
@@@@@@@@ {"errNo":2,"errStr":"Cannot use a scalar value as an array","errFile":"C:\\xampp\\htdocs\\ProjectOA\\module\\action\\ExtServiceAction.class.php","errLine":143} @@@@@@@@
Begin Time: 2014-03-21 11:56:38
**********error**********
@@@@@@@@ {"errNo":2,"errStr":"Cannot use a scalar value as an array","errFile":"C:\\xampp\\htdocs\\ProjectOA\\module\\action\\ExtServiceAction.class.php","errLine":143} @@@@@@@@
Begin Time: 2014-03-21 11:56:38
**********error**********
@@@@@@@@ {"errNo":2,"errStr":"Cannot use a scalar value as an array","errFile":"C:\\xampp\\htdocs\\ProjectOA\\module\\action\\ExtServiceAction.class.php","errLine":143} @@@@@@@@
Begin Time: 2014-03-21 11:56:38
**********error**********
@@@@@@@@ {"errNo":2,"errStr":"Cannot use a scalar value as an array","errFile":"C:\\xampp\\htdocs\\ProjectOA\\module\\action\\ExtServiceAction.class.php","errLine":143} @@@@@@@@
Begin Time: 2014-03-21 11:56:38
**********error**********
@@@@@@@@ {"errNo":2,"errStr":"Cannot use a scalar value as an array","errFile":"C:\\xampp\\htdocs\\ProjectOA\\module\\action\\ExtServiceAction.class.php","errLine":143} @@@@@@@@
Begin Time: 2014-03-21 11:56:38
**********error**********
@@@@@@@@ {"errNo":2,"errStr":"Cannot use a scalar value as an array","errFile":"C:\\xampp\\htdocs\\ProjectOA\\module\\action\\ExtServiceAction.class.php","errLine":143} @@@@@@@@
Begin Time: 2014-03-21 11:56:38
**********error**********
@@@@@@@@ {"errNo":2,"errStr":"Cannot use a scalar value as an array","errFile":"C:\\xampp\\htdocs\\ProjectOA\\module\\action\\ExtServiceAction.class.php","errLine":143} @@@@@@@@
Begin Time: 2014-03-21 11:56:38
**********error**********
@@@@@@@@ {"errNo":2,"errStr":"Cannot use a scalar value as an array","errFile":"C:\\xampp\\htdocs\\ProjectOA\\module\\action\\ExtServiceAction.class.php","errLine":143} @@@@@@@@
Begin Time: 2014-03-21 11:56:38
**********error**********
@@@@@@@@ {"errNo":2,"errStr":"Cannot use a scalar value as an array","errFile":"C:\\xampp\\htdocs\\ProjectOA\\module\\action\\ExtServiceAction.class.php","errLine":143} @@@@@@@@
Begin Time: 2014-03-21 11:56:38
**********error**********
@@@@@@@@ {"errNo":2,"errStr":"Cannot use a scalar value as an array","errFile":"C:\\xampp\\htdocs\\ProjectOA\\module\\action\\ExtServiceAction.class.php","errLine":143} @@@@@@@@
Begin Time: 2014-03-21 11:56:38
**********error**********
@@@@@@@@ {"errNo":2,"errStr":"Cannot use a scalar value as an array","errFile":"C:\\xampp\\htdocs\\ProjectOA\\module\\action\\ExtServiceAction.class.php","errLine":143} @@@@@@@@
Begin Time: 2014-03-21 11:56:40
**********error**********
@@@@@@@@ {"errNo":2,"errStr":"Cannot use a scalar value as an array","errFile":"C:\\xampp\\htdocs\\ProjectOA\\module\\action\\ExtServiceAction.class.php","errLine":143} @@@@@@@@
Begin Time: 2014-03-21 11:56:40
**********error**********
@@@@@@@@ {"errNo":2,"errStr":"Cannot use a scalar value as an array","errFile":"C:\\xampp\\htdocs\\ProjectOA\\module\\action\\ExtServiceAction.class.php","errLine":143} @@@@@@@@
Begin Time: 2014-03-21 11:56:40
**********error**********
@@@@@@@@ {"errNo":2,"errStr":"Cannot use a scalar value as an array","errFile":"C:\\xampp\\htdocs\\ProjectOA\\module\\action\\ExtServiceAction.class.php","errLine":143} @@@@@@@@
Begin Time: 2014-03-21 11:56:40
**********error**********
@@@@@@@@ {"errNo":2,"errStr":"Cannot use a scalar value as an array","errFile":"C:\\xampp\\htdocs\\ProjectOA\\module\\action\\ExtServiceAction.class.php","errLine":143} @@@@@@@@
Begin Time: 2014-03-21 11:56:43
**********error**********
@@@@@@@@ {"errNo":2,"errStr":"Cannot use a scalar value as an array","errFile":"C:\\xampp\\htdocs\\ProjectOA\\module\\action\\ExtServiceAction.class.php","errLine":143} @@@@@@@@
Begin Time: 2014-03-21 11:56:43
**********error**********
@@@@@@@@ {"errNo":2,"errStr":"Cannot use a scalar value as an array","errFile":"C:\\xampp\\htdocs\\ProjectOA\\module\\action\\ExtServiceAction.class.php","errLine":143} @@@@@@@@
Begin Time: 2014-03-21 11:56:43
**********error**********
@@@@@@@@ {"errNo":2,"errStr":"Cannot use a scalar value as an array","errFile":"C:\\xampp\\htdocs\\ProjectOA\\module\\action\\ExtServiceAction.class.php","errLine":143} @@@@@@@@
Begin Time: 2014-03-21 11:56:43
**********error**********
@@@@@@@@ {"errNo":2,"errStr":"Cannot use a scalar value as an array","errFile":"C:\\xampp\\htdocs\\ProjectOA\\module\\action\\ExtServiceAction.class.php","errLine":143} @@@@@@@@
Begin Time: 2014-03-21 11:56:43
**********error**********
@@@@@@@@ {"errNo":2,"errStr":"Cannot use a scalar value as an array","errFile":"C:\\xampp\\htdocs\\ProjectOA\\module\\action\\ExtServiceAction.class.php","errLine":143} @@@@@@@@
Begin Time: 2014-03-21 11:56:43
**********error**********
@@@@@@@@ {"errNo":2,"errStr":"Cannot use a scalar value as an array","errFile":"C:\\xampp\\htdocs\\ProjectOA\\module\\action\\ExtServiceAction.class.php","errLine":143} @@@@@@@@
Begin Time: 2014-03-21 11:56:43
**********error**********
@@@@@@@@ {"errNo":2,"errStr":"Cannot use a scalar value as an array","errFile":"C:\\xampp\\htdocs\\ProjectOA\\module\\action\\ExtServiceAction.class.php","errLine":143} @@@@@@@@
Begin Time: 2014-03-21 11:56:43
**********error**********
@@@@@@@@ {"errNo":2,"errStr":"Cannot use a scalar value as an array","errFile":"C:\\xampp\\htdocs\\ProjectOA\\module\\action\\ExtServiceAction.class.php","errLine":143} @@@@@@@@
Begin Time: 2014-03-21 11:56:43
**********error**********
@@@@@@@@ {"errNo":2,"errStr":"Cannot use a scalar value as an array","errFile":"C:\\xampp\\htdocs\\ProjectOA\\module\\action\\ExtServiceAction.class.php","errLine":143} @@@@@@@@
Begin Time: 2014-03-21 11:56:43
**********error**********
@@@@@@@@ {"errNo":2,"errStr":"Cannot use a scalar value as an array","errFile":"C:\\xampp\\htdocs\\ProjectOA\\module\\action\\ExtServiceAction.class.php","errLine":143} @@@@@@@@
Begin Time: 2014-03-21 11:56:45
**********error**********
@@@@@@@@ {"errNo":2,"errStr":"Cannot use a scalar value as an array","errFile":"C:\\xampp\\htdocs\\ProjectOA\\module\\action\\ExtServiceAction.class.php","errLine":143} @@@@@@@@
Begin Time: 2014-03-21 11:56:45
**********error**********
@@@@@@@@ {"errNo":2,"errStr":"Cannot use a scalar value as an array","errFile":"C:\\xampp\\htdocs\\ProjectOA\\module\\action\\ExtServiceAction.class.php","errLine":143} @@@@@@@@
Begin Time: 2014-03-21 11:56:45
**********error**********
@@@@@@@@ {"errNo":2,"errStr":"Cannot use a scalar value as an array","errFile":"C:\\xampp\\htdocs\\ProjectOA\\module\\action\\ExtServiceAction.class.php","errLine":143} @@@@@@@@
Begin Time: 2014-03-21 11:56:45
**********error**********
@@@@@@@@ {"errNo":2,"errStr":"Cannot use a scalar value as an array","errFile":"C:\\xampp\\htdocs\\ProjectOA\\module\\action\\ExtServiceAction.class.php","errLine":143} @@@@@@@@
Begin Time: 2014-03-21 11:56:47
**********error**********
@@@@@@@@ {"errNo":2,"errStr":"Cannot use a scalar value as an array","errFile":"C:\\xampp\\htdocs\\ProjectOA\\module\\action\\ExtServiceAction.class.php","errLine":143} @@@@@@@@
Begin Time: 2014-03-21 11:56:47
**********error**********
@@@@@@@@ {"errNo":2,"errStr":"Cannot use a scalar value as an array","errFile":"C:\\xampp\\htdocs\\ProjectOA\\module\\action\\ExtServiceAction.class.php","errLine":143} @@@@@@@@
Begin Time: 2014-03-21 11:56:47
**********error**********
@@@@@@@@ {"errNo":2,"errStr":"Cannot use a scalar value as an array","errFile":"C:\\xampp\\htdocs\\ProjectOA\\module\\action\\ExtServiceAction.class.php","errLine":143} @@@@@@@@
Begin Time: 2014-03-21 11:56:47
**********error**********
@@@@@@@@ {"errNo":2,"errStr":"Cannot use a scalar value as an array","errFile":"C:\\xampp\\htdocs\\ProjectOA\\module\\action\\ExtServiceAction.class.php","errLine":143} @@@@@@@@
Begin Time: 2014-03-21 11:56:47
**********error**********
@@@@@@@@ {"errNo":2,"errStr":"Cannot use a scalar value as an array","errFile":"C:\\xampp\\htdocs\\ProjectOA\\module\\action\\ExtServiceAction.class.php","errLine":143} @@@@@@@@
Begin Time: 2014-03-21 11:56:47
**********error**********
@@@@@@@@ {"errNo":2,"errStr":"Cannot use a scalar value as an array","errFile":"C:\\xampp\\htdocs\\ProjectOA\\module\\action\\ExtServiceAction.class.php","errLine":143} @@@@@@@@
Begin Time: 2014-03-21 11:56:47
**********error**********
@@@@@@@@ {"errNo":2,"errStr":"Cannot use a scalar value as an array","errFile":"C:\\xampp\\htdocs\\ProjectOA\\module\\action\\ExtServiceAction.class.php","errLine":143} @@@@@@@@
Begin Time: 2014-03-21 11:56:47
**********error**********
@@@@@@@@ {"errNo":2,"errStr":"Cannot use a scalar value as an array","errFile":"C:\\xampp\\htdocs\\ProjectOA\\module\\action\\ExtServiceAction.class.php","errLine":143} @@@@@@@@
Begin Time: 2014-03-21 11:56:47
**********error**********
@@@@@@@@ {"errNo":2,"errStr":"Cannot use a scalar value as an array","errFile":"C:\\xampp\\htdocs\\ProjectOA\\module\\action\\ExtServiceAction.class.php","errLine":143} @@@@@@@@
Begin Time: 2014-03-21 11:56:47
**********error**********
@@@@@@@@ {"errNo":2,"errStr":"Cannot use a scalar value as an array","errFile":"C:\\xampp\\htdocs\\ProjectOA\\module\\action\\ExtServiceAction.class.php","errLine":143} @@@@@@@@
Begin Time: 2014-03-21 12:24:02
**********error**********
@@@@@@@@ {"errNo":2,"errStr":"Cannot use a scalar value as an array","errFile":"C:\\xampp\\htdocs\\ProjectOA\\module\\action\\ExtServiceAction.class.php","errLine":143} @@@@@@@@
Begin Time: 2014-03-21 12:24:02
**********error**********
@@@@@@@@ {"errNo":2,"errStr":"Cannot use a scalar value as an array","errFile":"C:\\xampp\\htdocs\\ProjectOA\\module\\action\\ExtServiceAction.class.php","errLine":143} @@@@@@@@
Begin Time: 2014-03-21 12:24:02
**********error**********
@@@@@@@@ {"errNo":2,"errStr":"Cannot use a scalar value as an array","errFile":"C:\\xampp\\htdocs\\ProjectOA\\module\\action\\ExtServiceAction.class.php","errLine":143} @@@@@@@@
Begin Time: 2014-03-21 12:24:02
**********error**********
@@@@@@@@ {"errNo":2,"errStr":"Cannot use a scalar value as an array","errFile":"C:\\xampp\\htdocs\\ProjectOA\\module\\action\\ExtServiceAction.class.php","errLine":143} @@@@@@@@
Begin Time: 2014-03-21 12:24:02
**********error**********
@@@@@@@@ {"errNo":2,"errStr":"Cannot use a scalar value as an array","errFile":"C:\\xampp\\htdocs\\ProjectOA\\module\\action\\ExtServiceAction.class.php","errLine":143} @@@@@@@@
Begin Time: 2014-03-21 12:24:02
**********error**********
@@@@@@@@ {"errNo":2,"errStr":"Cannot use a scalar value as an array","errFile":"C:\\xampp\\htdocs\\ProjectOA\\module\\action\\ExtServiceAction.class.php","errLine":143} @@@@@@@@
Begin Time: 2014-03-21 12:24:02
**********error**********
@@@@@@@@ {"errNo":2,"errStr":"Cannot use a scalar value as an array","errFile":"C:\\xampp\\htdocs\\ProjectOA\\module\\action\\ExtServiceAction.class.php","errLine":143} @@@@@@@@
Begin Time: 2014-03-21 12:24:02
**********error**********
@@@@@@@@ {"errNo":2,"errStr":"Cannot use a scalar value as an array","errFile":"C:\\xampp\\htdocs\\ProjectOA\\module\\action\\ExtServiceAction.class.php","errLine":143} @@@@@@@@
Begin Time: 2014-03-21 12:24:02
**********error**********
@@@@@@@@ {"errNo":2,"errStr":"Cannot use a scalar value as an array","errFile":"C:\\xampp\\htdocs\\ProjectOA\\module\\action\\ExtServiceAction.class.php","errLine":143} @@@@@@@@
Begin Time: 2014-03-21 12:24:02
**********error**********
@@@@@@@@ {"errNo":2,"errStr":"Cannot use a scalar value as an array","errFile":"C:\\xampp\\htdocs\\ProjectOA\\module\\action\\ExtServiceAction.class.php","errLine":143} @@@@@@@@
Begin Time: 2014-03-21 12:32:09
**********error**********
@@@@@@@@ {"errNo":2,"errStr":"Cannot use a scalar value as an array","errFile":"C:\\xampp\\htdocs\\ProjectOA\\module\\action\\ExtServiceAction.class.php","errLine":143} @@@@@@@@
Begin Time: 2014-03-21 12:32:10
**********error**********
@@@@@@@@ {"errNo":2,"errStr":"Cannot use a scalar value as an array","errFile":"C:\\xampp\\htdocs\\ProjectOA\\module\\action\\ExtServiceAction.class.php","errLine":143} @@@@@@@@
Begin Time: 2014-03-21 12:32:10
**********error**********
@@@@@@@@ {"errNo":2,"errStr":"Cannot use a scalar value as an array","errFile":"C:\\xampp\\htdocs\\ProjectOA\\module\\action\\ExtServiceAction.class.php","errLine":143} @@@@@@@@
Begin Time: 2014-03-21 12:32:10
**********error**********
@@@@@@@@ {"errNo":2,"errStr":"Cannot use a scalar value as an array","errFile":"C:\\xampp\\htdocs\\ProjectOA\\module\\action\\ExtServiceAction.class.php","errLine":143} @@@@@@@@
Begin Time: 2014-03-21 12:32:10
**********error**********
@@@@@@@@ {"errNo":2,"errStr":"Cannot use a scalar value as an array","errFile":"C:\\xampp\\htdocs\\ProjectOA\\module\\action\\ExtServiceAction.class.php","errLine":143} @@@@@@@@
Begin Time: 2014-03-21 12:32:10
**********error**********
@@@@@@@@ {"errNo":2,"errStr":"Cannot use a scalar value as an array","errFile":"C:\\xampp\\htdocs\\ProjectOA\\module\\action\\ExtServiceAction.class.php","errLine":143} @@@@@@@@
Begin Time: 2014-03-21 12:32:10
**********error**********
@@@@@@@@ {"errNo":2,"errStr":"Cannot use a scalar value as an array","errFile":"C:\\xampp\\htdocs\\ProjectOA\\module\\action\\ExtServiceAction.class.php","errLine":143} @@@@@@@@
Begin Time: 2014-03-21 12:32:10
**********error**********
@@@@@@@@ {"errNo":2,"errStr":"Cannot use a scalar value as an array","errFile":"C:\\xampp\\htdocs\\ProjectOA\\module\\action\\ExtServiceAction.class.php","errLine":143} @@@@@@@@
Begin Time: 2014-03-21 12:32:10
**********error**********
@@@@@@@@ {"errNo":2,"errStr":"Cannot use a scalar value as an array","errFile":"C:\\xampp\\htdocs\\ProjectOA\\module\\action\\ExtServiceAction.class.php","errLine":143} @@@@@@@@
Begin Time: 2014-03-21 12:32:10
**********error**********
@@@@@@@@ {"errNo":2,"errStr":"Cannot use a scalar value as an array","errFile":"C:\\xampp\\htdocs\\ProjectOA\\module\\action\\ExtServiceAction.class.php","errLine":143} @@@@@@@@
Begin Time: 2014-03-21 12:33:07
**********error**********
@@@@@@@@ {"errNo":2,"errStr":"Cannot use a scalar value as an array","errFile":"C:\\xampp\\htdocs\\ProjectOA\\module\\action\\ExtServiceAction.class.php","errLine":143} @@@@@@@@
Begin Time: 2014-03-21 12:33:07
**********error**********
@@@@@@@@ {"errNo":2,"errStr":"Cannot use a scalar value as an array","errFile":"C:\\xampp\\htdocs\\ProjectOA\\module\\action\\ExtServiceAction.class.php","errLine":143} @@@@@@@@
Begin Time: 2014-03-21 12:33:07
**********error**********
@@@@@@@@ {"errNo":2,"errStr":"Cannot use a scalar value as an array","errFile":"C:\\xampp\\htdocs\\ProjectOA\\module\\action\\ExtServiceAction.class.php","errLine":143} @@@@@@@@
Begin Time: 2014-03-21 12:33:07
**********error**********
@@@@@@@@ {"errNo":2,"errStr":"Cannot use a scalar value as an array","errFile":"C:\\xampp\\htdocs\\ProjectOA\\module\\action\\ExtServiceAction.class.php","errLine":143} @@@@@@@@
Begin Time: 2014-03-21 12:33:07
**********error**********
@@@@@@@@ {"errNo":2,"errStr":"Cannot use a scalar value as an array","errFile":"C:\\xampp\\htdocs\\ProjectOA\\module\\action\\ExtServiceAction.class.php","errLine":143} @@@@@@@@
Begin Time: 2014-03-21 12:33:07
**********error**********
@@@@@@@@ {"errNo":2,"errStr":"Cannot use a scalar value as an array","errFile":"C:\\xampp\\htdocs\\ProjectOA\\module\\action\\ExtServiceAction.class.php","errLine":143} @@@@@@@@
Begin Time: 2014-03-21 12:33:07
**********error**********
@@@@@@@@ {"errNo":2,"errStr":"Cannot use a scalar value as an array","errFile":"C:\\xampp\\htdocs\\ProjectOA\\module\\action\\ExtServiceAction.class.php","errLine":143} @@@@@@@@
Begin Time: 2014-03-21 12:33:07
**********error**********
@@@@@@@@ {"errNo":2,"errStr":"Cannot use a scalar value as an array","errFile":"C:\\xampp\\htdocs\\ProjectOA\\module\\action\\ExtServiceAction.class.php","errLine":143} @@@@@@@@
Begin Time: 2014-03-21 12:33:07
**********error**********
@@@@@@@@ {"errNo":2,"errStr":"Cannot use a scalar value as an array","errFile":"C:\\xampp\\htdocs\\ProjectOA\\module\\action\\ExtServiceAction.class.php","errLine":143} @@@@@@@@
Begin Time: 2014-03-21 12:33:07
**********error**********
@@@@@@@@ {"errNo":2,"errStr":"Cannot use a scalar value as an array","errFile":"C:\\xampp\\htdocs\\ProjectOA\\module\\action\\ExtServiceAction.class.php","errLine":143} @@@@@@@@
Begin Time: 2014-03-21 12:34:28
**********error**********
@@@@@@@@ {"errNo":2,"errStr":"Cannot use a scalar value as an array","errFile":"C:\\xampp\\htdocs\\ProjectOA\\module\\action\\ExtServiceAction.class.php","errLine":143} @@@@@@@@
Begin Time: 2014-03-21 12:34:28
**********error**********
@@@@@@@@ {"errNo":2,"errStr":"Cannot use a scalar value as an array","errFile":"C:\\xampp\\htdocs\\ProjectOA\\module\\action\\ExtServiceAction.class.php","errLine":143} @@@@@@@@
Begin Time: 2014-03-21 12:34:28
**********error**********
@@@@@@@@ {"errNo":2,"errStr":"Cannot use a scalar value as an array","errFile":"C:\\xampp\\htdocs\\ProjectOA\\module\\action\\ExtServiceAction.class.php","errLine":143} @@@@@@@@
Begin Time: 2014-03-21 12:34:28
**********error**********
@@@@@@@@ {"errNo":2,"errStr":"Cannot use a scalar value as an array","errFile":"C:\\xampp\\htdocs\\ProjectOA\\module\\action\\ExtServiceAction.class.php","errLine":143} @@@@@@@@
Begin Time: 2014-03-21 12:34:28
**********error**********
@@@@@@@@ {"errNo":2,"errStr":"Cannot use a scalar value as an array","errFile":"C:\\xampp\\htdocs\\ProjectOA\\module\\action\\ExtServiceAction.class.php","errLine":143} @@@@@@@@
Begin Time: 2014-03-21 12:34:28
**********error**********
@@@@@@@@ {"errNo":2,"errStr":"Cannot use a scalar value as an array","errFile":"C:\\xampp\\htdocs\\ProjectOA\\module\\action\\ExtServiceAction.class.php","errLine":143} @@@@@@@@
Begin Time: 2014-03-21 12:34:28
**********error**********
@@@@@@@@ {"errNo":2,"errStr":"Cannot use a scalar value as an array","errFile":"C:\\xampp\\htdocs\\ProjectOA\\module\\action\\ExtServiceAction.class.php","errLine":143} @@@@@@@@
Begin Time: 2014-03-21 12:34:28
**********error**********
@@@@@@@@ {"errNo":2,"errStr":"Cannot use a scalar value as an array","errFile":"C:\\xampp\\htdocs\\ProjectOA\\module\\action\\ExtServiceAction.class.php","errLine":143} @@@@@@@@
Begin Time: 2014-03-21 12:34:28
**********error**********
@@@@@@@@ {"errNo":2,"errStr":"Cannot use a scalar value as an array","errFile":"C:\\xampp\\htdocs\\ProjectOA\\module\\action\\ExtServiceAction.class.php","errLine":143} @@@@@@@@
Begin Time: 2014-03-21 12:34:28
**********error**********
@@@@@@@@ {"errNo":2,"errStr":"Cannot use a scalar value as an array","errFile":"C:\\xampp\\htdocs\\ProjectOA\\module\\action\\ExtServiceAction.class.php","errLine":143} @@@@@@@@
Begin Time: 2014-03-21 12:45:54
**********error**********
@@@@@@@@ {"errNo":2,"errStr":"Cannot use a scalar value as an array","errFile":"C:\\xampp\\htdocs\\ProjectOA\\module\\action\\ExtServiceAction.class.php","errLine":143} @@@@@@@@
Begin Time: 2014-03-21 12:45:54
**********error**********
@@@@@@@@ {"errNo":2,"errStr":"Cannot use a scalar value as an array","errFile":"C:\\xampp\\htdocs\\ProjectOA\\module\\action\\ExtServiceAction.class.php","errLine":143} @@@@@@@@
Begin Time: 2014-03-21 12:45:54
**********error**********
@@@@@@@@ {"errNo":2,"errStr":"Cannot use a scalar value as an array","errFile":"C:\\xampp\\htdocs\\ProjectOA\\module\\action\\ExtServiceAction.class.php","errLine":143} @@@@@@@@
Begin Time: 2014-03-21 12:45:54
**********error**********
@@@@@@@@ {"errNo":2,"errStr":"Cannot use a scalar value as an array","errFile":"C:\\xampp\\htdocs\\ProjectOA\\module\\action\\ExtServiceAction.class.php","errLine":143} @@@@@@@@
Begin Time: 2014-03-21 12:45:54
**********error**********
@@@@@@@@ {"errNo":2,"errStr":"Cannot use a scalar value as an array","errFile":"C:\\xampp\\htdocs\\ProjectOA\\module\\action\\ExtServiceAction.class.php","errLine":143} @@@@@@@@
Begin Time: 2014-03-21 12:45:54
**********error**********
@@@@@@@@ {"errNo":2,"errStr":"Cannot use a scalar value as an array","errFile":"C:\\xampp\\htdocs\\ProjectOA\\module\\action\\ExtServiceAction.class.php","errLine":143} @@@@@@@@
Begin Time: 2014-03-21 12:45:54
**********error**********
@@@@@@@@ {"errNo":2,"errStr":"Cannot use a scalar value as an array","errFile":"C:\\xampp\\htdocs\\ProjectOA\\module\\action\\ExtServiceAction.class.php","errLine":143} @@@@@@@@
Begin Time: 2014-03-21 12:45:54
**********error**********
@@@@@@@@ {"errNo":2,"errStr":"Cannot use a scalar value as an array","errFile":"C:\\xampp\\htdocs\\ProjectOA\\module\\action\\ExtServiceAction.class.php","errLine":143} @@@@@@@@
Begin Time: 2014-03-21 12:45:54
**********error**********
@@@@@@@@ {"errNo":2,"errStr":"Cannot use a scalar value as an array","errFile":"C:\\xampp\\htdocs\\ProjectOA\\module\\action\\ExtServiceAction.class.php","errLine":143} @@@@@@@@
Begin Time: 2014-03-21 12:45:54
**********error**********
@@@@@@@@ {"errNo":2,"errStr":"require_once(tpl\/BaseConfig.php) [<a href='function.require-once'>function.require-once<\/a>]: failed to open stream: No such file or directory","errFile":"C:\\xampp\\htdocs\\ProjectOA\\common\\BaseAction.class.php","errLine":37} @@@@@@@@
Begin Time: 2014-03-21 13:16:27
**************sql_msg**************
@@@@@@@@ update OA_bill  set bill_item='审批发放' , bill_value=1 where id=  @@@@@@@@
Begin Time: 2014-03-21 13:46:06
**************sql_msg**************
@@@@@@@@ update OA_bill  set bill_item='审批发放' , bill_value=2 where id=  @@@@@@@@
Begin Time: 2014-03-21 13:47:11
**************sql_msg**************
@@@@@@@@  select oac.*,oc.company_name  from OA_admin_company oac ,OA_company oc where oac.companyId=oc.id and oac.adminId=  @@@@@@@@
Begin Time: 2014-03-21 14:06:06
**********error**********
@@@@@@@@ {"errNo":2,"errStr":"Cannot use a scalar value as an array","errFile":"C:\\xampp\\htdocs\\ProjectOA\\module\\action\\ExtServiceAction.class.php","errLine":143} @@@@@@@@
Begin Time: 2014-03-21 14:06:07
**********error**********
@@@@@@@@ {"errNo":2,"errStr":"Cannot use a scalar value as an array","errFile":"C:\\xampp\\htdocs\\ProjectOA\\module\\action\\ExtServiceAction.class.php","errLine":143} @@@@@@@@
Begin Time: 2014-03-21 14:06:07
**********error**********
@@@@@@@@ {"errNo":2,"errStr":"Cannot use a scalar value as an array","errFile":"C:\\xampp\\htdocs\\ProjectOA\\module\\action\\ExtServiceAction.class.php","errLine":143} @@@@@@@@
Begin Time: 2014-03-21 14:06:07
**********error**********
@@@@@@@@ {"errNo":2,"errStr":"Cannot use a scalar value as an array","errFile":"C:\\xampp\\htdocs\\ProjectOA\\module\\action\\ExtServiceAction.class.php","errLine":143} @@@@@@@@
Begin Time: 2014-03-21 14:06:07
**********error**********
@@@@@@@@ {"errNo":2,"errStr":"Cannot use a scalar value as an array","errFile":"C:\\xampp\\htdocs\\ProjectOA\\module\\action\\ExtServiceAction.class.php","errLine":143} @@@@@@@@
Begin Time: 2014-03-21 14:06:07
**********error**********
@@@@@@@@ {"errNo":2,"errStr":"Cannot use a scalar value as an array","errFile":"C:\\xampp\\htdocs\\ProjectOA\\module\\action\\ExtServiceAction.class.php","errLine":143} @@@@@@@@
Begin Time: 2014-03-21 14:06:07
**********error**********
@@@@@@@@ {"errNo":2,"errStr":"Cannot use a scalar value as an array","errFile":"C:\\xampp\\htdocs\\ProjectOA\\module\\action\\ExtServiceAction.class.php","errLine":143} @@@@@@@@
Begin Time: 2014-03-21 14:06:07
**********error**********
@@@@@@@@ {"errNo":2,"errStr":"Cannot use a scalar value as an array","errFile":"C:\\xampp\\htdocs\\ProjectOA\\module\\action\\ExtServiceAction.class.php","errLine":143} @@@@@@@@
Begin Time: 2014-03-21 14:06:07
**********error**********
@@@@@@@@ {"errNo":2,"errStr":"Cannot use a scalar value as an array","errFile":"C:\\xampp\\htdocs\\ProjectOA\\module\\action\\ExtServiceAction.class.php","errLine":143} @@@@@@@@
Begin Time: 2014-03-21 14:06:07
**********error**********
@@@@@@@@ {"errNo":2,"errStr":"Cannot use a scalar value as an array","errFile":"C:\\xampp\\htdocs\\ProjectOA\\module\\action\\ExtServiceAction.class.php","errLine":143} @@@@@@@@
Begin Time: 2014-03-21 14:06:07
**********error**********
@@@@@@@@ {"errNo":2,"errStr":"Cannot use a scalar value as an array","errFile":"C:\\xampp\\htdocs\\ProjectOA\\module\\action\\ExtServiceAction.class.php","errLine":143} @@@@@@@@
Begin Time: 2014-03-21 14:06:07