
**************sql_msg**************
@@@@@@@@ update OA_admin  set last_login_time=now()  where id= @@@@@@@@
Begin Time: 2014-01-22 17:43:26
**************sql_msg**************
@@@@@@@@ update OA_admin  set last_login_time=now()  where id= @@@@@@@@
Begin Time: 2014-01-22 17:43:38
**************sql_msg**************
@@@@@@@@ select count(*) as cnt from OA_checkcompany where 1=1 @@@@@@@@
Begin Time: 2014-01-22 17:45:40
**************sql_msg**************
@@@@@@@@ select * from OA_checkcompany where 1=1 order by id DESC limit 0,50 @@@@@@@@
Begin Time: 2014-01-22 17:45:40
**********error**********
@@@@@@@@ {"errNo":2,"errStr":"mysql_fetch_array(): supplied argument is not a valid MySQL result resource","errFile":"C:\\xampp\\htdocs\\ProjectOA\\module\\action\\ExtFinanceAction.class.php","errLine":216} @@@@@@@@
Begin Time: 2014-01-22 17:45:40
**********error**********
@@@@@@@@ {"errNo":2,"errStr":"Invalid argument supplied for foreach()","errFile":"C:\\xampp\\htdocs\\ProjectOA\\tpl\\finance\\shenPiFafang.php","errLine":83} @@@@@@@@
Begin Time: 2014-01-22 17:45:41
**********error**********
@@@@@@@@ {"errNo":2,"errStr":"include(ROOT\/common\/tpl\/left.php) [<a href='function.include'>function.include<\/a>]: failed to open stream: No such file or directory","errFile":"C:\\xampp\\htdocs\\ProjectOA\\tpl\\log_list.php","errLine":63} @@@@@@@@
Begin Time: 2014-01-22 17:45:46
**********error**********
@@@@@@@@ {"errNo":2,"errStr":"include() [<a href='function.include'>function.include<\/a>]: Failed opening 'ROOT\/common\/tpl\/left.php' for inclusion (include_path='.;C:\\xampp\\php\\pear\\')","errFile":"C:\\xampp\\htdocs\\ProjectOA\\tpl\\log_list.php","errLine":63} @@@@@@@@
Begin Time: 2014-01-22 17:45:46
**********error**********
@@@@@@@@ {"errNo":2,"errStr":"Invalid argument supplied for foreach()","errFile":"C:\\xampp\\htdocs\\ProjectOA\\tpl\\employ_import.php","errLine":67} @@@@@@@@
Begin Time: 2014-01-22 18:08:12
**********error**********
@@@@@@@@ {"errNo":2,"errStr":"Invalid argument supplied for foreach()","errFile":"C:\\xampp\\htdocs\\ProjectOA\\tpl\\employ_import.php","errLine":86} @@@@@@@@
Begin Time: 2014-01-22 18:08:12
**************sql_msg**************
@@@@@@@@ select count(*) as cnt from OA_checkcompany where 1=1 @@@@@@@@
Begin Time: 2014-01-22 18:08:15
**************sql_msg**************
@@@@@@@@ select * from OA_checkcompany where 1=1 order by id DESC limit 0,50 @@@@@@@@
Begin Time: 2014-01-22 18:08:15
**********error**********
@@@@@@@@ {"errNo":2,"errStr":"mysql_fetch_array(): supplied argument is not a valid MySQL result resource","errFile":"C:\\xampp\\htdocs\\ProjectOA\\module\\action\\ExtFinanceAction.class.php","errLine":216} @@@@@@@@
Begin Time: 2014-01-22 18:08:15
**********error**********
@@@@@@@@ {"errNo":2,"errStr":"include(ROOT\/common\/tpl\/left.php) [<a href='function.include'>function.include<\/a>]: failed to open stream: No such file or directory","errFile":"C:\\xampp\\htdocs\\ProjectOA\\tpl\\log_list.php","errLine":63} @@@@@@@@
Begin Time: 2014-01-22 18:08:16
**********error**********
@@@@@@@@ {"errNo":2,"errStr":"include() [<a href='function.include'>function.include<\/a>]: Failed opening 'ROOT\/common\/tpl\/left.php' for inclusion (include_path='.;C:\\xampp\\php\\pear\\')","errFile":"C:\\xampp\\htdocs\\ProjectOA\\tpl\\log_list.php","errLine":63} @@@@@@@@
Begin Time: 2014-01-22 18:08:16
**********error**********
@@@@@@@@ {"errNo":2,"errStr":"include(ROOT\/common\/tpl\/left.php) [<a href='function.include'>function.include<\/a>]: failed to open stream: No such file or directory","errFile":"C:\\xampp\\htdocs\\ProjectOA\\tpl\\modifyPassword.php","errLine":52} @@@@@@@@
Begin Time: 2014-01-22 18:08:17
**********error**********
@@@@@@@@ {"errNo":2,"errStr":"include() [<a href='function.include'>function.include<\/a>]: Failed opening 'ROOT\/common\/tpl\/left.php' for inclusion (include_path='.;C:\\xampp\\php\\pear\\')","errFile":"C:\\xampp\\htdocs\\ProjectOA\\tpl\\modifyPassword.php","errLine":52} @@@@@@@@
Begin Time: 2014-01-22 18:08:17
**********error**********
@@@@@@@@ {"errNo":2,"errStr":"include(ROOT\/common\/tpl\/left.php) [<a href='function.include'>function.include<\/a>]: failed to open stream: No such file or directory","errFile":"C:\\xampp\\htdocs\\ProjectOA\\tpl\\admin_list.php","errLine":52} @@@@@@@@
Begin Time: 2014-01-22 18:08:18
**********error**********
@@@@@@@@ {"errNo":2,"errStr":"include() [<a href='function.include'>function.include<\/a>]: Failed opening 'ROOT\/common\/tpl\/left.php' for inclusion (include_path='.;C:\\xampp\\php\\pear\\')","errFile":"C:\\xampp\\htdocs\\ProjectOA\\tpl\\admin_list.php","errLine":52} @@@@@@@@
Begin Time: 2014-01-22 18:08:18
**************sql_msg**************
@@@@@@@@ select OA_salarytime.*,OA_company.company_name  from OA_salarytime,OA_company where OA_company.id=OA_salarytime.companyId and OA_company.id= and OA_salarytime.salary_state>0 order by  OA_salarytime.salaryTime  @@@@@@@@
Begin Time: 2014-01-22 18:35:17
**********error**********
@@@@@@@@ {"errNo":2,"errStr":"mysql_fetch_array(): supplied argument is not a valid MySQL result resource","errFile":"C:\\xampp\\htdocs\\ProjectOA\\module\\action\\SalaryBillAction.class.php","errLine":354} @@@@@@@@
Begin Time: 2014-01-22 18:35:17