
**************sql_msg**************
@@@@@@@@ insert into OA_bill (salaryTime_id,bill_no,bill_type,bill_date,bill_item,bill_value,bill_state,text) values
    	     (2403,BC10331215,1,'2014-01-23 11:05:37',
    	     '测试1',40000,1,'') @@@@@@@@
Begin Time: 2014-01-23 11:05:37
**************sql_msg**************
@@@@@@@@ insert into OA_bill (salaryTime_id,bill_no,bill_type,bill_date,bill_item,bill_value,bill_state,text) values
    	     (2403,BC10331215,1,'2014-01-23 11:11:31',
    	     '测试1',10000,1,'') @@@@@@@@
Begin Time: 2014-01-23 11:11:31
**************sql_msg**************
@@@@@@@@  @@@@@@@@
Begin Time: 2014-01-23 11:56:06
**************sql_msg**************
@@@@@@@@ SELECT  bill_no,salaryTime ,company_name ,bill_value FROM oa_bill b ,oa_salarytime  s ,oa_company c ,oa_admin_company a
                    WHERE  b.salaryTime_id = s.id
                    AND s.companyId=c.id
                    AND a.companyId = c.id
                    AND bill_type = 1
                    AND a.adminId = 1and salaryTime like '%2013-11%'  order by bill_no DESC limit 0,50 @@@@@@@@
Begin Time: 2014-01-23 12:15:07
**********error**********
@@@@@@@@ {"errNo":2,"errStr":"mysql_fetch_array(): supplied argument is not a valid MySQL result resource","errFile":"C:\\xampp\\htdocs\\ProjectOA\\module\\action\\ExtSalaryAction.class.php","errLine":206} @@@@@@@@
Begin Time: 2014-01-23 12:15:07
**************sql_msg**************
@@@@@@@@ SELECT  bill_no,salaryTime ,company_name ,bill_value FROM oa_bill b ,oa_salarytime  s ,oa_company c ,oa_admin_company a
                    WHERE  b.salaryTime_id = s.id
                    AND s.companyId=c.id
                    AND a.companyId = c.id
                    AND bill_type = 1
                    AND a.adminId = 1and salaryTime like '%2013-11-01%'  order by bill_no DESC limit 0,50 @@@@@@@@
Begin Time: 2014-01-23 12:15:11
**********error**********
@@@@@@@@ {"errNo":2,"errStr":"mysql_fetch_array(): supplied argument is not a valid MySQL result resource","errFile":"C:\\xampp\\htdocs\\ProjectOA\\module\\action\\ExtSalaryAction.class.php","errLine":206} @@@@@@@@
Begin Time: 2014-01-23 12:15:11
**************sql_msg**************
@@@@@@@@ SELECT  bill_no,salaryTime ,company_name ,bill_value FROM oa_bill b ,oa_salarytime  s ,oa_company c ,oa_admin_company a
                    WHERE  b.salaryTime_id = s.id
                    AND s.companyId=c.id
                    AND a.companyId = c.id
                    AND bill_type = 1
                    AND a.adminId = 1and salaryTime like '%2013-11-01%'  order by bill_no DESC limit 0,50 @@@@@@@@
Begin Time: 2014-01-23 12:15:13
**********error**********
@@@@@@@@ {"errNo":2,"errStr":"mysql_fetch_array(): supplied argument is not a valid MySQL result resource","errFile":"C:\\xampp\\htdocs\\ProjectOA\\module\\action\\ExtSalaryAction.class.php","errLine":206} @@@@@@@@
Begin Time: 2014-01-23 12:15:13
**************sql_msg**************
@@@@@@@@ SELECT  bill_no,salaryTime ,company_name ,bill_value FROM oa_bill b ,oa_salarytime  s ,oa_company c ,oa_admin_company a
                    WHERE  b.salaryTime_id = s.id
                    AND s.companyId=c.id
                    AND a.companyId = c.id
                    AND bill_type = 1
                    AND a.adminId = 1and salaryTime like '%2013%'  order by bill_no DESC limit 0,50 @@@@@@@@
Begin Time: 2014-01-23 12:15:16
**********error**********
@@@@@@@@ {"errNo":2,"errStr":"mysql_fetch_array(): supplied argument is not a valid MySQL result resource","errFile":"C:\\xampp\\htdocs\\ProjectOA\\module\\action\\ExtSalaryAction.class.php","errLine":206} @@@@@@@@
Begin Time: 2014-01-23 12:15:16
**************sql_msg**************
@@@@@@@@ SELECT  bill_no,salaryTime ,company_name ,bill_value FROM oa_bill b ,oa_salarytime  s ,oa_company c ,oa_admin_company a
                    WHERE  b.salaryTime_id = s.id
                    AND s.companyId=c.id
                    AND a.companyId = c.id
                    AND bill_type = 1
                    AND a.adminId = 1and salaryTime like '%2%'  order by bill_no DESC limit 0,50 @@@@@@@@
Begin Time: 2014-01-23 12:16:49
**********error**********
@@@@@@@@ {"errNo":2,"errStr":"mysql_fetch_array(): supplied argument is not a valid MySQL result resource","errFile":"C:\\xampp\\htdocs\\ProjectOA\\module\\action\\ExtSalaryAction.class.php","errLine":206} @@@@@@@@
Begin Time: 2014-01-23 12:16:49
**************sql_msg**************
@@@@@@@@ SELECT  bill_no,salaryTime ,company_name ,bill_value FROM oa_bill b ,oa_salarytime  s ,oa_company c ,oa_admin_company a
                    WHERE  b.salaryTime_id = s.id
                    AND s.companyId=c.id
                    AND a.companyId = c.id
                    AND bill_type = 1
                    AND a.adminId = 1and salaryTime like '%2013%'  order by bill_no DESC limit 0,50 @@@@@@@@
Begin Time: 2014-01-23 12:19:04
**********error**********
@@@@@@@@ {"errNo":2,"errStr":"mysql_fetch_array(): supplied argument is not a valid MySQL result resource","errFile":"C:\\xampp\\htdocs\\ProjectOA\\module\\action\\ExtSalaryAction.class.php","errLine":206} @@@@@@@@
Begin Time: 2014-01-23 12:19:04
**************sql_msg**************
@@@@@@@@ SELECT  bill_no,salaryTime ,company_name ,bill_value FROM oa_bill b ,oa_salarytime  s ,oa_company c ,oa_admin_company a
                    WHERE  b.salaryTime_id = s.id
                    AND s.companyId=c.id
                    AND a.companyId = c.id
                    AND bill_type = 1
                    AND a.adminId = 1and salaryTime like '%2013%'  order by bill_no DESC limit 0,50 @@@@@@@@
Begin Time: 2014-01-23 12:19:48
**********error**********
@@@@@@@@ {"errNo":2,"errStr":"mysql_fetch_array(): supplied argument is not a valid MySQL result resource","errFile":"C:\\xampp\\htdocs\\ProjectOA\\module\\action\\ExtSalaryAction.class.php","errLine":206} @@@@@@@@
Begin Time: 2014-01-23 12:19:48
**************sql_msg**************
@@@@@@@@ SELECT  bill_no,salaryTime ,company_name ,bill_value FROM oa_bill b ,oa_salarytime  s ,oa_company c ,oa_admin_company a
                    WHERE  b.salaryTime_id = s.id
                    AND s.companyId=c.id
                    AND a.companyId = c.id
                    AND bill_type = 1
                    AND a.adminId = 1and salaryTime like '%2013%'  order by bill_no DESC limit 0,50 @@@@@@@@
Begin Time: 2014-01-23 12:20:05
**********error**********
@@@@@@@@ {"errNo":2,"errStr":"mysql_fetch_array(): supplied argument is not a valid MySQL result resource","errFile":"C:\\xampp\\htdocs\\ProjectOA\\module\\action\\ExtSalaryAction.class.php","errLine":206} @@@@@@@@
Begin Time: 2014-01-23 12:20:05
**************sql_msg**************
@@@@@@@@ SELECT  bill_no,salaryTime ,company_name ,bill_value FROM oa_bill b ,oa_salarytime  s ,oa_company c ,oa_admin_company a
                    WHERE  b.salaryTime_id = s.id
                    AND s.companyId=c.id
                    AND a.companyId = c.id
                    AND bill_type = 1
                    AND a.adminId = 1and salaryTime like '%2013%'  order by bill_no DESC limit 0,50 @@@@@@@@
Begin Time: 2014-01-23 12:22:21
**********error**********
@@@@@@@@ {"errNo":2,"errStr":"mysql_fetch_array(): supplied argument is not a valid MySQL result resource","errFile":"C:\\xampp\\htdocs\\ProjectOA\\module\\action\\ExtSalaryAction.class.php","errLine":206} @@@@@@@@
Begin Time: 2014-01-23 12:22:21
**************sql_msg**************
@@@@@@@@ SELECT  bill_no,salaryTime ,company_name ,bill_value FROM oa_bill b ,oa_salarytime  s ,oa_company c ,oa_admin_company a
                    WHERE  b.salaryTime_id = s.id
                    AND s.companyId=c.id
                    AND a.companyId = c.id
                    AND bill_type = 1
                    AND a.adminId = 1and salaryTime like '%2013%'  order by bill_no DESC limit 0,50 @@@@@@@@
Begin Time: 2014-01-23 12:22:23
**********error**********
@@@@@@@@ {"errNo":2,"errStr":"mysql_fetch_array(): supplied argument is not a valid MySQL result resource","errFile":"C:\\xampp\\htdocs\\ProjectOA\\module\\action\\ExtSalaryAction.class.php","errLine":206} @@@@@@@@
Begin Time: 2014-01-23 12:22:23
**************sql_msg**************
@@@@@@@@ SELECT  bill_no,salaryTime ,company_name ,bill_value FROM oa_bill b ,oa_salarytime  s ,oa_company c ,oa_admin_company a
                    WHERE  b.salaryTime_id = s.id
                    AND s.companyId=c.id
                    AND a.companyId = c.id
                    AND bill_type = 1
                    AND a.adminId = 1and salaryTime like '%2013%'  order by bill_no DESC limit 0,50 @@@@@@@@
Begin Time: 2014-01-23 12:23:15
**********error**********
@@@@@@@@ {"errNo":2,"errStr":"mysql_fetch_array(): supplied argument is not a valid MySQL result resource","errFile":"C:\\xampp\\htdocs\\ProjectOA\\module\\action\\ExtSalaryAction.class.php","errLine":206} @@@@@@@@
Begin Time: 2014-01-23 12:23:15
**************sql_msg**************
@@@@@@@@ SELECT  bill_no,salaryTime ,company_name ,bill_value FROM oa_bill b ,oa_salarytime  s ,oa_company c ,oa_admin_company a
                    WHERE  b.salaryTime_id = s.id
                    AND s.companyId=c.id
                    AND a.companyId = c.id
                    AND bill_type = 1
                    AND a.adminId = 1and salaryTime like '%2013%'  order by bill_no DESC limit 0,50 @@@@@@@@
Begin Time: 2014-01-23 12:29:09
**********error**********
@@@@@@@@ {"errNo":2,"errStr":"mysql_fetch_array(): supplied argument is not a valid MySQL result resource","errFile":"C:\\xampp\\htdocs\\ProjectOA\\module\\action\\ExtSalaryAction.class.php","errLine":206} @@@@@@@@
Begin Time: 2014-01-23 12:29:09
**********error**********
@@@@@@@@ {"errNo":2,"errStr":"Invalid argument supplied for foreach()","errFile":"C:\\xampp\\htdocs\\ProjectOA\\tpl\\employ_import.php","errLine":67} @@@@@@@@
Begin Time: 2014-01-23 12:31:39
**********error**********
@@@@@@@@ {"errNo":2,"errStr":"Invalid argument supplied for foreach()","errFile":"C:\\xampp\\htdocs\\ProjectOA\\tpl\\employ_import.php","errLine":86} @@@@@@@@
Begin Time: 2014-01-23 12:31:39
**************sql_msg**************
@@@@@@@@ SELECT  salaryTime daozhangTime ,company_name cname ,bill_value  daozhangValue FROM oa_bill b ,oa_salarytime  s ,oa_company c ,oa_admin_company a
                    WHERE  b.salaryTime_id = s.id
                    AND s.companyId=c.id
                    AND a.companyId = c.id
                    AND bill_type = 3
                    AND a.adminId = 1  and daozhangTime like '%2%'  order by daozhangTime DESC limit 0,50 @@@@@@@@
Begin Time: 2014-01-23 12:51:12
**********error**********
@@@@@@@@ {"errNo":2,"errStr":"mysql_fetch_array(): supplied argument is not a valid MySQL result resource","errFile":"C:\\xampp\\htdocs\\ProjectOA\\module\\action\\ExtSalaryAction.class.php","errLine":243} @@@@@@@@
Begin Time: 2014-01-23 12:51:12
**************sql_msg**************
@@@@@@@@ SELECT  salaryTime daozhangTime ,company_name cname ,bill_value  daozhangValue FROM oa_bill b ,oa_salarytime  s ,oa_company c ,oa_admin_company a
                    WHERE  b.salaryTime_id = s.id
                    AND s.companyId=c.id
                    AND a.companyId = c.id
                    AND bill_type = 3
                    AND a.adminId = 1 and cname like '%清华%'  order by daozhangTime DESC limit 0,50 @@@@@@@@
Begin Time: 2014-01-23 13:01:50
**********error**********
@@@@@@@@ {"errNo":2,"errStr":"mysql_fetch_array(): supplied argument is not a valid MySQL result resource","errFile":"C:\\xampp\\htdocs\\ProjectOA\\module\\action\\ExtSalaryAction.class.php","errLine":243} @@@@@@@@
Begin Time: 2014-01-23 13:01:50
**************sql_msg**************
@@@@@@@@ SELECT  salaryTime daozhangTime ,company_name cname ,bill_value  daozhangValue FROM oa_bill b ,oa_salarytime  s ,oa_company c ,oa_admin_company a
                    WHERE  b.salaryTime_id = s.id
                    AND s.companyId=c.id
                    AND a.companyId = c.id
                    AND bill_type = 3
                    AND a.adminId = 1 and cname like '%测试%'  order by daozhangTime DESC limit 0,50 @@@@@@@@
Begin Time: 2014-01-23 13:01:56
**********error**********
@@@@@@@@ {"errNo":2,"errStr":"mysql_fetch_array(): supplied argument is not a valid MySQL result resource","errFile":"C:\\xampp\\htdocs\\ProjectOA\\module\\action\\ExtSalaryAction.class.php","errLine":243} @@@@@@@@
Begin Time: 2014-01-23 13:01:56
**************sql_msg**************
@@@@@@@@ SELECT  salaryTime daozhangTime ,company_name cname ,bill_value  daozhangValue FROM oa_bill b ,oa_salarytime  s ,oa_company c ,oa_admin_company a
                    WHERE  b.salaryTime_id = s.id
                    AND s.companyId=c.id
                    AND a.companyId = c.id
                    AND bill_type = 3
                    AND a.adminId = 1 and cname like '%清华%'  order by daozhangTime DESC limit 0,50 @@@@@@@@
Begin Time: 2014-01-23 13:04:28
**********error**********
@@@@@@@@ {"errNo":2,"errStr":"mysql_fetch_array(): supplied argument is not a valid MySQL result resource","errFile":"C:\\xampp\\htdocs\\ProjectOA\\module\\action\\ExtSalaryAction.class.php","errLine":243} @@@@@@@@
Begin Time: 2014-01-23 13:04:28
**************sql_msg**************
@@@@@@@@ select count(*) as cnt from OA_checkcompany where 1=1 @@@@@@@@
Begin Time: 2014-01-23 14:04:16
**************sql_msg**************
@@@@@@@@ select * from OA_checkcompany where 1=1 order by id DESC limit 0,50 @@@@@@@@
Begin Time: 2014-01-23 14:04:16
**********error**********
@@@@@@@@ {"errNo":2,"errStr":"mysql_fetch_array(): supplied argument is not a valid MySQL result resource","errFile":"C:\\xampp\\htdocs\\ProjectOA\\module\\action\\ExtFinanceAction.class.php","errLine":216} @@@@@@@@
Begin Time: 2014-01-23 14:04:16
**************sql_msg**************
@@@@@@@@ select OA_salarytime.*,OA_company.company_name  from OA_salarytime,OA_company where OA_company.id=OA_salarytime.companyId and OA_company.id= and OA_salarytime.salary_state>0 order by  OA_salarytime.salaryTime  @@@@@@@@
Begin Time: 2014-01-23 14:06:24
**********error**********
@@@@@@@@ {"errNo":2,"errStr":"mysql_fetch_array(): supplied argument is not a valid MySQL result resource","errFile":"C:\\xampp\\htdocs\\ProjectOA\\module\\action\\SalaryBillAction.class.php","errLine":356} @@@@@@@@
Begin Time: 2014-01-23 14:06:24