
**************sql_msg**************
@@@@@@@@ select count(*) as cnt from OA_checkcompany where 1=1 @@@@@@@@
Begin Time: 2014-01-21 14:54:36
**************sql_msg**************
@@@@@@@@ select * from OA_checkcompany where 1=1 order by id DESC limit 0,50 @@@@@@@@
Begin Time: 2014-01-21 14:54:36
**********error**********
@@@@@@@@ {"errNo":2,"errStr":"mysql_fetch_array(): supplied argument is not a valid MySQL result resource","errFile":"C:\\xampp\\htdocs\\ProjectOA\\module\\action\\ExtFinanceAction.class.php","errLine":216} @@@@@@@@
Begin Time: 2014-01-21 14:54:36
**************sql_msg**************
@@@@@@@@ select count(*) as cnt from OA_checkcompany where 1=1 @@@@@@@@
Begin Time: 2014-01-21 14:54:37
**************sql_msg**************
@@@@@@@@ select * from OA_checkcompany where 1=1 order by id DESC limit 0,50 @@@@@@@@
Begin Time: 2014-01-21 14:54:37
**********error**********
@@@@@@@@ {"errNo":2,"errStr":"mysql_fetch_array(): supplied argument is not a valid MySQL result resource","errFile":"C:\\xampp\\htdocs\\ProjectOA\\module\\action\\ExtFinanceAction.class.php","errLine":216} @@@@@@@@
Begin Time: 2014-01-21 14:54:37
**********error**********
@@@@@@@@ {"errNo":2,"errStr":"Invalid argument supplied for foreach()","errFile":"C:\\xampp\\htdocs\\ProjectOA\\tpl\\finance\\shenPiFafang.php","errLine":83} @@@@@@@@
Begin Time: 2014-01-21 14:54:40
**********error**********
@@@@@@@@ {"errNo":2,"errStr":"include(ROOT\/common\/tpl\/left.php) [<a href='function.include'>function.include<\/a>]: failed to open stream: No such file or directory","errFile":"C:\\xampp\\htdocs\\ProjectOA\\tpl\\log_list.php","errLine":63} @@@@@@@@
Begin Time: 2014-01-21 14:54:42
**********error**********
@@@@@@@@ {"errNo":2,"errStr":"include() [<a href='function.include'>function.include<\/a>]: Failed opening 'ROOT\/common\/tpl\/left.php' for inclusion (include_path='.;C:\\xampp\\php\\pear\\')","errFile":"C:\\xampp\\htdocs\\ProjectOA\\tpl\\log_list.php","errLine":63} @@@@@@@@
Begin Time: 2014-01-21 14:54:42
**********error**********
@@@@@@@@ {"errNo":2,"errStr":"include(ROOT\/common\/tpl\/left.php) [<a href='function.include'>function.include<\/a>]: failed to open stream: No such file or directory","errFile":"C:\\xampp\\htdocs\\ProjectOA\\tpl\\modifyPassword.php","errLine":52} @@@@@@@@
Begin Time: 2014-01-21 14:54:43
**********error**********
@@@@@@@@ {"errNo":2,"errStr":"include() [<a href='function.include'>function.include<\/a>]: Failed opening 'ROOT\/common\/tpl\/left.php' for inclusion (include_path='.;C:\\xampp\\php\\pear\\')","errFile":"C:\\xampp\\htdocs\\ProjectOA\\tpl\\modifyPassword.php","errLine":52} @@@@@@@@
Begin Time: 2014-01-21 14:54:43
**********error**********
@@@@@@@@ {"errNo":2,"errStr":"mysql_fetch_array(): supplied argument is not a valid MySQL result resource","errFile":"C:\\xampp\\htdocs\\ProjectOA\\tpl\\salListExcel.php","errLine":253} @@@@@@@@
Begin Time: 2014-01-21 14:57:17
**********error**********
@@@@@@@@ {"errNo":2,"errStr":"mysql_fetch_array(): supplied argument is not a valid MySQL result resource","errFile":"C:\\xampp\\htdocs\\ProjectOA\\tpl\\salaryList.php","errLine":165} @@@@@@@@
Begin Time: 2014-01-21 14:57:28
**************sql_msg**************
@@@@@@@@ select OA_salarytime.*,OA_company.company_name  from OA_salarytime,OA_company where OA_company.id=OA_salarytime.companyId and OA_company.id= and OA_salarytime.salary_state>0 order by  OA_salarytime.salaryTime  @@@@@@@@
Begin Time: 2014-01-21 14:57:39
**********error**********
@@@@@@@@ {"errNo":2,"errStr":"mysql_fetch_array(): supplied argument is not a valid MySQL result resource","errFile":"C:\\xampp\\htdocs\\ProjectOA\\module\\action\\SalaryBillAction.class.php","errLine":347} @@@@@@@@
Begin Time: 2014-01-21 14:57:39
**********error**********
@@@@@@@@ {"errNo":4096,"errStr":"Object of class __PHP_Incomplete_Class could not be converted to string","errFile":"C:\\xampp\\htdocs\\ProjectOA\\module\\dao\\EmployDao.class.php","errLine":27} @@@@@@@@
Begin Time: 2014-01-21 14:59:44
**********error**********
@@@@@@@@ {"errNo":4096,"errStr":"Object of class __PHP_Incomplete_Class could not be converted to string","errFile":"C:\\xampp\\htdocs\\ProjectOA\\module\\action\\SalaryAction.class.php","errLine":346} @@@@@@@@
Begin Time: 2014-01-21 14:59:44
**********error**********
@@@@@@@@ {"errNo":4096,"errStr":"Object of class __PHP_Incomplete_Class could not be converted to string","errFile":"C:\\xampp\\htdocs\\ProjectOA\\tpl\\sumSalaryList.php","errLine":222} @@@@@@@@
Begin Time: 2014-01-21 14:59:44
**************sql_msg**************
@@@@@@@@ select count(*) as cnt from OA_checkcompany where 1=1 @@@@@@@@
Begin Time: 2014-01-21 15:00:18
**************sql_msg**************
@@@@@@@@ select * from OA_checkcompany where 1=1 order by id DESC limit 0,50 @@@@@@@@
Begin Time: 2014-01-21 15:00:18
**************sql_msg**************
@@@@@@@@ select count(*) as cnt from OA_checkcompany where 1=1 @@@@@@@@
Begin Time: 2014-01-21 15:00:24
**************sql_msg**************
@@@@@@@@ select * from OA_checkcompany where 1=1 order by id DESC limit 0,50 @@@@@@@@
Begin Time: 2014-01-21 15:00:24
**************sql_msg**************
@@@@@@@@ select count(*) as cnt from OA_checkcompany where 1=1 @@@@@@@@
Begin Time: 2014-01-21 15:00:26
**************sql_msg**************
@@@@@@@@ select * from OA_checkcompany where 1=1 order by id DESC limit 0,50 @@@@@@@@
Begin Time: 2014-01-21 15:00:26
**************sql_msg**************
@@@@@@@@ select count(*) as cnt from OA_checkcompany where 1=1 @@@@@@@@
Begin Time: 2014-01-21 15:00:33
**************sql_msg**************
@@@@@@@@ select * from OA_checkcompany where 1=1 order by id DESC limit 0,50 @@@@@@@@
Begin Time: 2014-01-21 15:00:33
**********error**********
@@@@@@@@ {"errNo":2,"errStr":"Invalid argument supplied for foreach()","errFile":"C:\\xampp\\htdocs\\ProjectOA\\tpl\\finance\\shenPiFafang.php","errLine":83} @@@@@@@@
Begin Time: 2014-01-21 15:00:38
**********error**********
@@@@@@@@ {"errNo":2,"errStr":"include(ROOT\/common\/tpl\/left.php) [<a href='function.include'>function.include<\/a>]: failed to open stream: No such file or directory","errFile":"C:\\xampp\\htdocs\\ProjectOA\\tpl\\log_list.php","errLine":63} @@@@@@@@
Begin Time: 2014-01-21 15:00:39
**********error**********
@@@@@@@@ {"errNo":2,"errStr":"include() [<a href='function.include'>function.include<\/a>]: Failed opening 'ROOT\/common\/tpl\/left.php' for inclusion (include_path='.;C:\\xampp\\php\\pear\\')","errFile":"C:\\xampp\\htdocs\\ProjectOA\\tpl\\log_list.php","errLine":63} @@@@@@@@
Begin Time: 2014-01-21 15:00:39
**************sql_msg**************
@@@@@@@@ select count(*) as cnt from OA_checkcompany where 1=1 @@@@@@@@
Begin Time: 2014-01-21 17:37:20
**************sql_msg**************
@@@@@@@@ select * from OA_checkcompany where 1=1 order by id DESC limit 0,50 @@@@@@@@
Begin Time: 2014-01-21 17:37:20
**********error**********
@@@@@@@@ {"errNo":2,"errStr":"mysql_fetch_array(): supplied argument is not a valid MySQL result resource","errFile":"C:\\xampp\\htdocs\\ProjectOA\\module\\action\\ExtFinanceAction.class.php","errLine":216} @@@@@@@@
Begin Time: 2014-01-21 17:37:20
**********error**********
@@@@@@@@ {"errNo":2,"errStr":"Invalid argument supplied for foreach()","errFile":"C:\\xampp\\htdocs\\ProjectOA\\tpl\\employ_import.php","errLine":67} @@@@@@@@
Begin Time: 2014-01-21 17:37:22
**********error**********
@@@@@@@@ {"errNo":2,"errStr":"Invalid argument supplied for foreach()","errFile":"C:\\xampp\\htdocs\\ProjectOA\\tpl\\employ_import.php","errLine":86} @@@@@@@@
Begin Time: 2014-01-21 17:37:22
**********error**********
@@@@@@@@ {"errNo":2,"errStr":"Invalid argument supplied for foreach()","errFile":"C:\\xampp\\htdocs\\ProjectOA\\tpl\\employ_import.php","errLine":67} @@@@@@@@
Begin Time: 2014-01-21 17:38:49
**********error**********
@@@@@@@@ {"errNo":2,"errStr":"Invalid argument supplied for foreach()","errFile":"C:\\xampp\\htdocs\\ProjectOA\\tpl\\employ_import.php","errLine":86} @@@@@@@@
Begin Time: 2014-01-21 17:38:49