
**********error**********
@@@@@@@@ {"errNo":4096,"errStr":"Object of class __PHP_Incomplete_Class could not be converted to string","errFile":"C:\\xampp\\htdocs\\ProjectOA\\module\\dao\\EmployDao.class.php","errLine":27} @@@@@@@@
Begin Time: 2014-01-20 11:16:51
**********error**********
@@@@@@@@ {"errNo":4096,"errStr":"Object of class __PHP_Incomplete_Class could not be converted to string","errFile":"C:\\xampp\\htdocs\\ProjectOA\\module\\action\\SalaryAction.class.php","errLine":346} @@@@@@@@
Begin Time: 2014-01-20 11:16:51
**********error**********
@@@@@@@@ {"errNo":4096,"errStr":"Object of class __PHP_Incomplete_Class could not be converted to string","errFile":"C:\\xampp\\htdocs\\ProjectOA\\tpl\\sumSalaryList.php","errLine":222} @@@@@@@@
Begin Time: 2014-01-20 11:16:51
**********error**********
@@@@@@@@ {"errNo":4096,"errStr":"Object of class __PHP_Incomplete_Class could not be converted to string","errFile":"C:\\xampp\\htdocs\\ProjectOA\\module\\dao\\SalaryDao.class.php","errLine":50} @@@@@@@@
Begin Time: 2014-01-20 11:17:01
**********error**********
@@@@@@@@ {"errNo":4096,"errStr":"Object of class __PHP_Incomplete_Class could not be converted to string","errFile":"C:\\xampp\\htdocs\\ProjectOA\\module\\dao\\SalaryDao.class.php","errLine":107} @@@@@@@@
Begin Time: 2014-01-20 11:17:01
**********error**********
@@@@@@@@ {"errNo":4096,"errStr":"Object of class __PHP_Incomplete_Class could not be converted to string","errFile":"C:\\xampp\\htdocs\\ProjectOA\\module\\dao\\EmployDao.class.php","errLine":27} @@@@@@@@
Begin Time: 2014-01-20 11:17:22
**********error**********
@@@@@@@@ {"errNo":4096,"errStr":"Object of class __PHP_Incomplete_Class could not be converted to string","errFile":"C:\\xampp\\htdocs\\ProjectOA\\module\\action\\SalaryAction.class.php","errLine":346} @@@@@@@@
Begin Time: 2014-01-20 11:17:22
**********error**********
@@@@@@@@ {"errNo":4096,"errStr":"Object of class __PHP_Incomplete_Class could not be converted to string","errFile":"C:\\xampp\\htdocs\\ProjectOA\\tpl\\sumSalaryList.php","errLine":222} @@@@@@@@
Begin Time: 2014-01-20 11:17:22
**********error**********
@@@@@@@@ {"errNo":4096,"errStr":"Object of class __PHP_Incomplete_Class could not be converted to string","errFile":"C:\\xampp\\htdocs\\ProjectOA\\module\\dao\\SalaryDao.class.php","errLine":50} @@@@@@@@
Begin Time: 2014-01-20 11:17:31
**********error**********
@@@@@@@@ {"errNo":4096,"errStr":"Object of class __PHP_Incomplete_Class could not be converted to string","errFile":"C:\\xampp\\htdocs\\ProjectOA\\module\\dao\\SalaryDao.class.php","errLine":107} @@@@@@@@
Begin Time: 2014-01-20 11:17:31
**************sql_msg**************
@@@@@@@@ select count(*) as cnt from OA_checkcompany where 1=1 @@@@@@@@
Begin Time: 2014-01-20 15:27:05
**************sql_msg**************
@@@@@@@@ select * from OA_checkcompany where 1=1 order by id DESC limit 0,50 @@@@@@@@
Begin Time: 2014-01-20 15:27:05
**********error**********
@@@@@@@@ {"errNo":2,"errStr":"mysql_fetch_array(): supplied argument is not a valid MySQL result resource","errFile":"C:\\xampp\\htdocs\\ProjectOA\\module\\action\\ExtFinanceAction.class.php","errLine":216} @@@@@@@@
Begin Time: 2014-01-20 15:27:05
**********error**********
@@@@@@@@ {"errNo":2,"errStr":"include(ROOT\/common\/tpl\/left.php) [<a href='function.include'>function.include<\/a>]: failed to open stream: No such file or directory","errFile":"C:\\xampp\\htdocs\\ProjectOA\\tpl\\log_list.php","errLine":63} @@@@@@@@
Begin Time: 2014-01-20 18:16:04
**********error**********
@@@@@@@@ {"errNo":2,"errStr":"include() [<a href='function.include'>function.include<\/a>]: Failed opening 'ROOT\/common\/tpl\/left.php' for inclusion (include_path='.;C:\\xampp\\php\\pear\\')","errFile":"C:\\xampp\\htdocs\\ProjectOA\\tpl\\log_list.php","errLine":63} @@@@@@@@
Begin Time: 2014-01-20 18:16:04